<?xml version="1.0" encoding="UTF-8"?>
<!-- Generated by org.testng.reporters.JUnitXMLReporter -->
<testsuite hostname="Prathima" name="Test" tests="1" failures="1" timestamp="10 Jun 2017 06:39:12 GMT" time="206.184" errors="0">
  <testcase name="scriptDefinition" time="203.819" classname="testScriptDefinitions.Module1.TC101_AddEmergencyContactsAndVerify">
    <failure type="java.lang.AssertionError" message="expected [true] but found [false]">
      <![CDATA[java.lang.AssertionError: expected [true] but found [false]
	at frameworkLibrary.WebLibrary.logEvent(WebLibrary.java:1004)
	at testScriptDefinitions.Module1.TC101_AddEmergencyContactsAndVerify.scriptDefinition(TC101_AddEmergencyContactsAndVerify.java:99)
... Removed 27 stack frames]]>
    </failure>
  </testcase> <!-- scriptDefinition -->
</testsuite> <!-- Test -->
